# JRE version: Java(TM) SE Runtime Environment (17.0.8+9) (build 17.0.8+9-LTS-211)
# Java VM: Java HotSpot(TM) 64-Bit Server VM (17.0.8+9-LTS-211, mixed mode, emulated-client, sharing, tiered, compressed oops, compressed class ptrs, g1 gc, windows-amd64)
GC Precious Log:
 CPUs: 8 total, 8 available
 Memory: 24496M
 Large Page Support: Disabled
 NUMA Support: Disabled
 Compressed Oops: Enabled (Zero based)
 Heap Region Size: 4M
 Heap Min Capacity: 8M
 Heap Initial Capacity: 384M
 Heap Max Capacity: 6128M
 Pre-touch: Disabled
 Parallel Workers: 8
 Concurrent Workers: 2
 Concurrent Refinement Workers: 8
 Periodic GC: Disabled
Heap:
 garbage-first heap   total 348160K, used 98913K [0x0000000681000000, 0x0000000800000000)
  region size 4096K, 1 young (4096K), 1 survivors (4096K)
 Metaspace       used 85185K, committed 86400K, reserved 1179648K
  class space    used 12839K, committed 13376K, reserved 1048576K
GC Heap History (20 events):
Event: 65172.377 GC heap after
{Heap after GC invocations=107 (full 0):
 garbage-first heap   total 368640K, used 93667K [0x0000000681000000, 0x0000000800000000)
  region size 4096K, 1 young (4096K), 1 survivors (4096K)
 Metaspace       used 86690K, committed 87744K, reserved 1179648K
  class space    used 13086K, committed 13632K, reserved 1048576K
}
Event: 65172.429 GC heap before
{Heap before GC invocations=108 (full 0):
 garbage-first heap   total 368640K, used 105955K [0x0000000681000000, 0x0000000800000000)
  region size 4096K, 4 young (16384K), 1 survivors (4096K)
 Metaspace       used 86694K, committed 87744K, reserved 1179648K
  class space    used 13086K, committed 13632K, reserved 1048576K
}
Event: 65172.434 GC heap after
{Heap after GC invocations=109 (full 0):
 garbage-first heap   total 368640K, used 94154K [0x0000000681000000, 0x0000000800000000)
  region size 4096K, 1 young (4096K), 1 survivors (4096K)
 Metaspace       used 86694K, committed 87744K, reserved 1179648K
  class space    used 13086K, committed 13632K, reserved 1048576K
}
Event: 65172.464 GC heap before
{Heap before GC invocations=109 (full 0):
 garbage-first heap   total 368640K, used 106442K [0x0000000681000000, 0x0000000800000000)
  region size 4096K, 4 young (16384K), 1 survivors (4096K)
 Metaspace       used 86694K, committed 87744K, reserved 1179648K
  class space    used 13086K, committed 13632K, reserved 1048576K
}
Event: 65172.477 GC heap after
{Heap after GC invocations=110 (full 0):
 garbage-first heap   total 368640K, used 93104K [0x0000000681000000, 0x0000000800000000)
  region size 4096K, 1 young (4096K), 1 survivors (4096K)
 Metaspace       used 86694K, committed 87744K, reserved 1179648K
  class space    used 13086K, committed 13632K, reserved 1048576K
}
Event: 65172.569 GC heap before
{Heap before GC invocations=110 (full 0):
 garbage-first heap   total 368640K, used 113584K [0x0000000681000000, 0x0000000800000000)
  region size 4096K, 6 young (24576K), 1 survivors (4096K)
 Metaspace       used 86694K, committed 87744K, reserved 1179648K
  class space    used 13086K, committed 13632K, reserved 1048576K
}
Event: 65172.579 GC heap after
{Heap after GC invocations=111 (full 0):
 garbage-first heap   total 1105920K, used 94572K [0x0000000681000000, 0x0000000800000000)
  region size 4096K, 1 young (4096K), 1 survivors (4096K)
 Metaspace       used 86694K, committed 87744K, reserved 1179648K
  class space    used 13086K, committed 13632K, reserved 1048576K
}
Event: 65173.501 GC heap before
{Heap before GC invocations=112 (full 0):
 garbage-first heap   total 344064K, used 119148K [0x0000000681000000, 0x0000000800000000)
  region size 4096K, 7 young (28672K), 1 survivors (4096K)
 Metaspace       used 85537K, committed 86848K, reserved 1179648K
  class space    used 12897K, committed 13504K, reserved 1048576K
}
Event: 65173.508 GC heap after
{Heap after GC invocations=113 (full 0):
 garbage-first heap   total 344064K, used 97884K [0x0000000681000000, 0x0000000800000000)
  region size 4096K, 1 young (4096K), 1 survivors (4096K)
 Metaspace       used 85537K, committed 86848K, reserved 1179648K
  class space    used 12897K, committed 13504K, reserved 1048576K
}
Event: 65173.613 GC heap before
{Heap before GC invocations=113 (full 0):
 garbage-first heap   total 344064K, used 110172K [0x0000000681000000, 0x0000000800000000)
  region size 4096K, 4 young (16384K), 1 survivors (4096K)
 Metaspace       used 85537K, committed 86848K, reserved 1179648K
  class space    used 12897K, committed 13504K, reserved 1048576K
}
Event: 65173.793 GC heap after
{Heap after GC invocations=114 (full 0):
 garbage-first heap   total 344064K, used 97422K [0x0000000681000000, 0x0000000800000000)
  region size 4096K, 1 young (4096K), 1 survivors (4096K)
 Metaspace       used 85537K, committed 86848K, reserved 1179648K
  class space    used 12897K, committed 13504K, reserved 1048576K
}
Event: 65173.869 GC heap before
{Heap before GC invocations=114 (full 0):
 garbage-first heap   total 344064K, used 109710K [0x0000000681000000, 0x0000000800000000)
  region size 4096K, 4 young (16384K), 1 survivors (4096K)
 Metaspace       used 85537K, committed 86848K, reserved 1179648K
  class space    used 12897K, committed 13504K, reserved 1048576K
}
Event: 65173.892 GC heap after
{Heap after GC invocations=115 (full 0):
 garbage-first heap   total 344064K, used 98495K [0x0000000681000000, 0x0000000800000000)
  region size 4096K, 1 young (4096K), 1 survivors (4096K)
 Metaspace       used 85537K, committed 86848K, reserved 1179648K
  class space    used 12897K, committed 13504K, reserved 1048576K
}
Event: 65174.054 GC heap before
{Heap before GC invocations=115 (full 0):
 garbage-first heap   total 344064K, used 127167K [0x0000000681000000, 0x0000000800000000)
  region size 4096K, 9 young (36864K), 1 survivors (4096K)
 Metaspace       used 85537K, committed 86848K, reserved 1179648K
  class space    used 12897K, committed 13504K, reserved 1048576K
}
Event: 65174.139 GC heap after
{Heap after GC invocations=116 (full 0):
 garbage-first heap   total 344064K, used 101137K [0x0000000681000000, 0x0000000800000000)
  region size 4096K, 2 young (8192K), 2 survivors (8192K)
 Metaspace       used 85537K, committed 86848K, reserved 1179648K
  class space    used 12897K, committed 13504K, reserved 1048576K
}
Event: 65174.319 GC heap before
{Heap before GC invocations=117 (full 0):
 garbage-first heap   total 344064K, used 125713K [0x0000000681000000, 0x0000000800000000)
  region size 4096K, 8 young (32768K), 2 survivors (8192K)
 Metaspace       used 85185K, committed 86400K, reserved 1179648K
  class space    used 12839K, committed 13376K, reserved 1048576K
}
Event: 65174.330 GC heap after
{Heap after GC invocations=118 (full 0):
 garbage-first heap   total 344064K, used 102114K [0x0000000681000000, 0x0000000800000000)
  region size 4096K, 1 young (4096K), 1 survivors (4096K)
 Metaspace       used 85185K, committed 86400K, reserved 1179648K
  class space    used 12839K, committed 13376K, reserved 1048576K
}
Event: 65174.512 GC heap before
{Heap before GC invocations=118 (full 0):
 garbage-first heap   total 344064K, used 114402K [0x0000000681000000, 0x0000000800000000)
  region size 4096K, 4 young (16384K), 1 survivors (4096K)
 Metaspace       used 85185K, committed 86400K, reserved 1179648K
  class space    used 12839K, committed 13376K, reserved 1048576K
}
Event: 65174.515 GC heap after
{Heap after GC invocations=119 (full 0):
 garbage-first heap   total 344064K, used 100271K [0x0000000681000000, 0x0000000800000000)
  region size 4096K, 1 young (4096K), 1 survivors (4096K)
 Metaspace       used 85185K, committed 86400K, reserved 1179648K
  class space    used 12839K, committed 13376K, reserved 1048576K
}
Event: 65174.665 GC heap before
{Heap before GC invocations=119 (full 0):
 garbage-first heap   total 344064K, used 112559K [0x0000000681000000, 0x0000000800000000)
  region size 4096K, 4 young (16384K), 1 survivors (4096K)
 Metaspace       used 85185K, committed 86400K, reserved 1179648K
  class space    used 12839K, committed 13376K, reserved 1048576K
}

